# JRE version: Java(TM) SE Runtime Environment (8.0_101-b13) (build 1.8.0_101-b13)
# Java VM: Java HotSpot(TM) 64-Bit Server VM (25.101-b13 mixed mode linux-amd64 compressed oops)
Heap:
 PSYoungGen      total 139264K, used 61515K [0x000000076cc00000, 0x0000000776800000, 0x00000007c0000000)
  eden space 129024K, 39% used [0x000000076cc00000,0x000000076fe17840,0x0000000774a00000)
  from space 10240K, 99% used [0x0000000774a00000,0x00000007753fb440,0x0000000775400000)
  to   space 10240K, 0% used [0x0000000775e00000,0x0000000775e00000,0x0000000776800000)
 ParOldGen       total 130560K, used 32515K [0x00000006c6400000, 0x00000006ce380000, 0x000000076cc00000)
  object space 130560K, 24% used [0x00000006c6400000,0x00000006c83c0f10,0x00000006ce380000)
 Metaspace       used 17719K, capacity 18004K, committed 18304K, reserved 1064960K
  class space    used 2075K, capacity 2167K, committed 2176K, reserved 1048576K
GC Heap History (8 events):
Event: 1,714 GC heap before
{Heap before GC invocations=1 (full 0):
 PSYoungGen      total 74752K, used 64512K [0x000000076cc00000, 0x0000000771f00000, 0x00000007c0000000)
  eden space 64512K, 100% used [0x000000076cc00000,0x0000000770b00000,0x0000000770b00000)
  from space 10240K, 0% used [0x0000000771500000,0x0000000771500000,0x0000000771f00000)
  to   space 10240K, 0% used [0x0000000770b00000,0x0000000770b00000,0x0000000771500000)
 ParOldGen       total 171008K, used 6K [0x00000006c6400000, 0x00000006d0b00000, 0x000000076cc00000)
  object space 171008K, 0% used [0x00000006c6400000,0x00000006c6401910,0x00000006d0b00000)
 Metaspace       used 14512K, capacity 14786K, committed 14976K, reserved 1062912K
  class space    used 1699K, capacity 1804K, committed 1920K, reserved 1048576K
Event: 1,732 GC heap after
Heap after GC invocations=1 (full 0):
 PSYoungGen      total 74752K, used 7026K [0x000000076cc00000, 0x0000000775e00000, 0x00000007c0000000)
  eden space 64512K, 0% used [0x000000076cc00000,0x000000076cc00000,0x0000000770b00000)
  from space 10240K, 68% used [0x0000000770b00000,0x00000007711dca40,0x0000000771500000)
  to   space 10240K, 0% used [0x0000000775400000,0x0000000775400000,0x0000000775e00000)
 ParOldGen       total 171008K, used 10014K [0x00000006c6400000, 0x00000006d0b00000, 0x000000076cc00000)
  object space 171008K, 5% used [0x00000006c6400000,0x00000006c6dc7920,0x00000006d0b00000)
 Metaspace       used 14512K, capacity 14786K, committed 14976K, reserved 1062912K
  class space    used 1699K, capacity 1804K, committed 1920K, reserved 1048576K
}
Event: 3,049 GC heap before
{Heap before GC invocations=2 (full 1):
 PSYoungGen      total 74752K, used 71240K [0x000000076cc00000, 0x0000000775e00000, 0x00000007c0000000)
  eden space 64512K, 99% used [0x000000076cc00000,0x0000000770ab57e0,0x0000000770b00000)
  from space 10240K, 68% used [0x0000000770b00000,0x00000007711dca40,0x0000000771500000)
  to   space 10240K, 0% used [0x0000000775400000,0x0000000775400000,0x0000000775e00000)
 ParOldGen       total 268288K, used 266577K [0x00000006c6400000, 0x00000006d6a00000, 0x000000076cc00000)
  object space 268288K, 99% used [0x00000006c6400000,0x00000006d6854710,0x00000006d6a00000)
 Metaspace       used 17389K, capacity 17666K, committed 17792K, reserved 1064960K
  class space    used 2051K, capacity 2164K, committed 2176K, reserved 1048576K
Event: 3,084 GC heap after
Heap after GC invocations=2 (full 1):
 PSYoungGen      total 74752K, used 0K [0x000000076cc00000, 0x0000000775e00000, 0x00000007c0000000)
  eden space 64512K, 0% used [0x000000076cc00000,0x000000076cc00000,0x0000000770b00000)
  from space 10240K, 0% used [0x0000000770b00000,0x0000000770b00000,0x0000000771500000)
  to   space 10240K, 0% used [0x0000000775400000,0x0000000775400000,0x0000000775e00000)
 ParOldGen       total 130560K, used 22265K [0x00000006c6400000, 0x00000006ce380000, 0x000000076cc00000)
  object space 130560K, 17% used [0x00000006c6400000,0x00000006c79be558,0x00000006ce380000)
 Metaspace       used 17389K, capacity 17666K, committed 17792K, reserved 1064960K
  class space    used 2051K, capacity 2164K, committed 2176K, reserved 1048576K
}
Event: 3,250 GC heap before
{Heap before GC invocations=3 (full 1):
 PSYoungGen      total 74752K, used 64512K [0x000000076cc00000, 0x0000000775e00000, 0x00000007c0000000)
  eden space 64512K, 100% used [0x000000076cc00000,0x0000000770b00000,0x0000000770b00000)
  from space 10240K, 0% used [0x0000000770b00000,0x0000000770b00000,0x0000000771500000)
  to   space 10240K, 0% used [0x0000000775400000,0x0000000775400000,0x0000000775e00000)
 ParOldGen       total 130560K, used 22265K [0x00000006c6400000, 0x00000006ce380000, 0x000000076cc00000)
  object space 130560K, 17% used [0x00000006c6400000,0x00000006c79be558,0x00000006ce380000)
 Metaspace       used 17398K, capacity 17730K, committed 18048K, reserved 1064960K
  class space    used 2051K, capacity 2164K, committed 2176K, reserved 1048576K
Event: 3,254 GC heap after
Heap after GC invocations=3 (full 1):
 PSYoungGen      total 98816K, used 10221K [0x000000076cc00000, 0x0000000775e00000, 0x00000007c0000000)
  eden space 88576K, 0% used [0x000000076cc00000,0x000000076cc00000,0x0000000772280000)
  from space 10240K, 99% used [0x0000000775400000,0x0000000775dfb440,0x0000000775e00000)
  to   space 10240K, 0% used [0x0000000774a00000,0x0000000774a00000,0x0000000775400000)
 ParOldGen       total 130560K, used 29875K [0x00000006c6400000, 0x00000006ce380000, 0x000000076cc00000)
  object space 130560K, 22% used [0x00000006c6400000,0x00000006c812cc88,0x00000006ce380000)
 Metaspace       used 17398K, capacity 17730K, committed 18048K, reserved 1064960K
  class space    used 2051K, capacity 2164K, committed 2176K, reserved 1048576K
}
Event: 3,431 GC heap before
{Heap before GC invocations=4 (full 1):
 PSYoungGen      total 98816K, used 97758K [0x000000076cc00000, 0x0000000775e00000, 0x00000007c0000000)
  eden space 88576K, 98% used [0x000000076cc00000,0x000000077217c758,0x0000000772280000)
  from space 10240K, 99% used [0x0000000775400000,0x0000000775dfb440,0x0000000775e00000)
  to   space 10240K, 0% used [0x0000000774a00000,0x0000000774a00000,0x0000000775400000)
 ParOldGen       total 130560K, used 29875K [0x00000006c6400000, 0x00000006ce380000, 0x000000076cc00000)
  object space 130560K, 22% used [0x00000006c6400000,0x00000006c812cc88,0x00000006ce380000)
 Metaspace       used 17674K, capacity 17940K, committed 18048K, reserved 1064960K
  class space    used 2075K, capacity 2167K, committed 2176K, reserved 1048576K
Event: 3,437 GC heap after
Heap after GC invocations=4 (full 1):
 PSYoungGen      total 139264K, used 10221K [0x000000076cc00000, 0x0000000776800000, 0x00000007c0000000)
  eden space 129024K, 0% used [0x000000076cc00000,0x000000076cc00000,0x0000000774a00000)
  from space 10240K, 99% used [0x0000000774a00000,0x00000007753fb440,0x0000000775400000)
  to   space 10240K, 0% used [0x0000000775e00000,0x0000000775e00000,0x0000000776800000)
 ParOldGen       total 130560K, used 32515K [0x00000006c6400000, 0x00000006ce380000, 0x000000076cc00000)
  object space 130560K, 24% used [0x00000006c6400000,0x00000006c83c0f10,0x00000006ce380000)
 Metaspace       used 17674K, capacity 17940K, committed 18048K, reserved 1064960K
  class space    used 2075K, capacity 2167K, committed 2176K, reserved 1048576K
}

