# JRE version: Java(TM) SE Runtime Environment (8.0_101-b13) (build 1.8.0_101-b13)
# Java VM: Java HotSpot(TM) 64-Bit Server VM (25.101-b13 mixed mode linux-amd64 compressed oops)
Heap:
 PSYoungGen      total 85504K, used 52221K [0x000000076cc00000, 0x0000000773e00000, 0x00000007c0000000)
  eden space 84992K, 60% used [0x000000076cc00000,0x000000076fe7f6e0,0x0000000771f00000)
  from space 512K, 100% used [0x0000000773d80000,0x0000000773e00000,0x0000000773e00000)
  to   space 10240K, 0% used [0x0000000772a00000,0x0000000772a00000,0x0000000773400000)
 ParOldGen       total 260608K, used 68572K [0x00000006c6400000, 0x00000006d6280000, 0x000000076cc00000)
  object space 260608K, 26% used [0x00000006c6400000,0x00000006ca6f7100,0x00000006d6280000)
 Metaspace       used 17724K, capacity 18016K, committed 18304K, reserved 1064960K
  class space    used 2080K, capacity 2169K, committed 2176K, reserved 1048576K
GC Heap History (10 events):
Event: 2,875 GC heap before
{Heap before GC invocations=2 (full 1):
 PSYoungGen      total 74752K, used 70298K [0x000000076cc00000, 0x0000000771f00000, 0x00000007c0000000)
  eden space 64512K, 98% used [0x000000076cc00000,0x00000007709d86c0,0x0000000770b00000)
  from space 10240K, 68% used [0x0000000770b00000,0x00000007711ce348,0x0000000771500000)
  to   space 10240K, 0% used [0x0000000771500000,0x0000000771500000,0x0000000771f00000)
 ParOldGen       total 268288K, used 266585K [0x00000006c6400000, 0x00000006d6a00000, 0x000000076cc00000)
  object space 268288K, 99% used [0x00000006c6400000,0x00000006d6856710,0x00000006d6a00000)
 Metaspace       used 16755K, capacity 16988K, committed 17280K, reserved 1064960K
  class space    used 1985K, capacity 2067K, committed 2176K, reserved 1048576K
Event: 2,910 GC heap after
Heap after GC invocations=2 (full 1):
 PSYoungGen      total 74752K, used 0K [0x000000076cc00000, 0x0000000771f00000, 0x00000007c0000000)
  eden space 64512K, 0% used [0x000000076cc00000,0x000000076cc00000,0x0000000770b00000)
  from space 10240K, 0% used [0x0000000770b00000,0x0000000770b00000,0x0000000771500000)
  to   space 10240K, 0% used [0x0000000771500000,0x0000000771500000,0x0000000771f00000)
 ParOldGen       total 134144K, used 24251K [0x00000006c6400000, 0x00000006ce700000, 0x000000076cc00000)
  object space 134144K, 18% used [0x00000006c6400000,0x00000006c7baee88,0x00000006ce700000)
 Metaspace       used 16755K, capacity 16988K, committed 17280K, reserved 1064960K
  class space    used 1985K, capacity 2067K, committed 2176K, reserved 1048576K
}
Event: 3,058 GC heap before
{Heap before GC invocations=3 (full 1):
 PSYoungGen      total 74752K, used 62746K [0x000000076cc00000, 0x0000000771f00000, 0x00000007c0000000)
  eden space 64512K, 97% used [0x000000076cc00000,0x0000000770946a78,0x0000000770b00000)
  from space 10240K, 0% used [0x0000000770b00000,0x0000000770b00000,0x0000000771500000)
  to   space 10240K, 0% used [0x0000000771500000,0x0000000771500000,0x0000000771f00000)
 ParOldGen       total 134144K, used 24251K [0x00000006c6400000, 0x00000006ce700000, 0x000000076cc00000)
  object space 134144K, 18% used [0x00000006c6400000,0x00000006c7baee88,0x00000006ce700000)
 Metaspace       used 16755K, capacity 16988K, committed 17280K, reserved 1064960K
  class space    used 1985K, capacity 2067K, committed 2176K, reserved 1048576K
Event: 3,065 GC heap after
Heap after GC invocations=3 (full 1):
 PSYoungGen      total 74752K, used 7753K [0x000000076cc00000, 0x0000000773800000, 0x00000007c0000000)
  eden space 64512K, 0% used [0x000000076cc00000,0x000000076cc00000,0x0000000770b00000)
  from space 10240K, 75% used [0x0000000771500000,0x0000000771c92730,0x0000000771f00000)
  to   space 10240K, 0% used [0x0000000770b00000,0x0000000770b00000,0x0000000771500000)
 ParOldGen       total 134144K, used 66916K [0x00000006c6400000, 0x00000006ce700000, 0x000000076cc00000)
  object space 134144K, 49% used [0x00000006c6400000,0x00000006ca559008,0x00000006ce700000)
 Metaspace       used 16755K, capacity 16988K, committed 17280K, reserved 1064960K
  class space    used 1985K, capacity 2067K, committed 2176K, reserved 1048576K
}
Event: 3,189 GC heap before
{Heap before GC invocations=4 (full 1):
 PSYoungGen      total 74752K, used 72000K [0x000000076cc00000, 0x0000000773800000, 0x00000007c0000000)
  eden space 64512K, 99% used [0x000000076cc00000,0x0000000770abdba0,0x0000000770b00000)
  from space 10240K, 75% used [0x0000000771500000,0x0000000771c92730,0x0000000771f00000)
  to   space 10240K, 0% used [0x0000000770b00000,0x0000000770b00000,0x0000000771500000)
 ParOldGen       total 134144K, used 69447K [0x00000006c6400000, 0x00000006ce700000, 0x000000076cc00000)
  object space 134144K, 51% used [0x00000006c6400000,0x00000006ca7d1d18,0x00000006ce700000)
 Metaspace       used 16791K, capacity 17052K, committed 17280K, reserved 1064960K
  class space    used 1987K, capacity 2067K, committed 2176K, reserved 1048576K
Event: 3,195 GC heap after
Heap after GC invocations=4 (full 1):
 PSYoungGen      total 74752K, used 7753K [0x000000076cc00000, 0x0000000774780000, 0x00000007c0000000)
  eden space 64512K, 0% used [0x000000076cc00000,0x000000076cc00000,0x0000000770b00000)
  from space 10240K, 75% used [0x0000000770b00000,0x0000000771292730,0x0000000771500000)
  to   space 10240K, 0% used [0x0000000773d80000,0x0000000773d80000,0x0000000774780000)
 ParOldGen       total 134144K, used 107041K [0x00000006c6400000, 0x00000006ce700000, 0x000000076cc00000)
  object space 134144K, 79% used [0x00000006c6400000,0x00000006ccc88478,0x00000006ce700000)
 Metaspace       used 16791K, capacity 17052K, committed 17280K, reserved 1064960K
  class space    used 1987K, capacity 2067K, committed 2176K, reserved 1048576K
}
Event: 3,195 GC heap before
{Heap before GC invocations=5 (full 2):
 PSYoungGen      total 74752K, used 7753K [0x000000076cc00000, 0x0000000774780000, 0x00000007c0000000)
  eden space 64512K, 0% used [0x000000076cc00000,0x000000076cc00000,0x0000000770b00000)
  from space 10240K, 75% used [0x0000000770b00000,0x0000000771292730,0x0000000771500000)
  to   space 10240K, 0% used [0x0000000773d80000,0x0000000773d80000,0x0000000774780000)
 ParOldGen       total 134144K, used 107041K [0x00000006c6400000, 0x00000006ce700000, 0x000000076cc00000)
  object space 134144K, 79% used [0x00000006c6400000,0x00000006ccc88478,0x00000006ce700000)
 Metaspace       used 16791K, capacity 17052K, committed 17280K, reserved 1064960K
  class space    used 1987K, capacity 2067K, committed 2176K, reserved 1048576K
Event: 3,216 GC heap after
Heap after GC invocations=5 (full 2):
 PSYoungGen      total 74752K, used 0K [0x000000076cc00000, 0x0000000774780000, 0x00000007c0000000)
  eden space 64512K, 0% used [0x000000076cc00000,0x000000076cc00000,0x0000000770b00000)
  from space 10240K, 0% used [0x0000000770b00000,0x0000000770b00000,0x0000000771500000)
  to   space 10240K, 0% used [0x0000000773d80000,0x0000000773d80000,0x0000000774780000)
 ParOldGen       total 260608K, used 38443K [0x00000006c6400000, 0x00000006d6280000, 0x000000076cc00000)
  object space 260608K, 14% used [0x00000006c6400000,0x00000006c898afb0,0x00000006d6280000)
 Metaspace       used 16791K, capacity 17052K, committed 17280K, reserved 1064960K
  class space    used 1987K, capacity 2067K, committed 2176K, reserved 1048576K
}
Event: 3,477 GC heap before
{Heap before GC invocations=6 (full 2):
 PSYoungGen      total 74752K, used 64512K [0x000000076cc00000, 0x0000000774780000, 0x00000007c0000000)
  eden space 64512K, 100% used [0x000000076cc00000,0x0000000770b00000,0x0000000770b00000)
  from space 10240K, 0% used [0x0000000770b00000,0x0000000770b00000,0x0000000771500000)
  to   space 10240K, 0% used [0x0000000773d80000,0x0000000773d80000,0x0000000774780000)
 ParOldGen       total 260608K, used 68572K [0x00000006c6400000, 0x00000006d6280000, 0x000000076cc00000)
  object space 260608K, 26% used [0x00000006c6400000,0x00000006ca6f7100,0x00000006d6280000)
 Metaspace       used 17433K, capacity 17716K, committed 18048K, reserved 1064960K
  class space    used 2037K, capacity 2135K, committed 2176K, reserved 1048576K
Event: 3,480 GC heap after
Heap after GC invocations=6 (full 2):
 PSYoungGen      total 85504K, used 512K [0x000000076cc00000, 0x0000000773e00000, 0x00000007c0000000)
  eden space 84992K, 0% used [0x000000076cc00000,0x000000076cc00000,0x0000000771f00000)
  from space 512K, 100% used [0x0000000773d80000,0x0000000773e00000,0x0000000773e00000)
  to   space 10240K, 0% used [0x0000000772a00000,0x0000000772a00000,0x0000000773400000)
 ParOldGen       total 260608K, used 68572K [0x00000006c6400000, 0x00000006d6280000, 0x000000076cc00000)
  object space 260608K, 26% used [0x00000006c6400000,0x00000006ca6f7100,0x00000006d6280000)
 Metaspace       used 17433K, capacity 17716K, committed 18048K, reserved 1064960K
  class space    used 2037K, capacity 2135K, committed 2176K, reserved 1048576K
}

